2026-03-13 00:45:21,341 - INFO - Start --> 2026-03-13 00:45:21.341102
2026-03-13 00:45:21,344 - INFO - Total rows in CSV: 484
2026-03-13 00:45:21,502 - INFO - 
Validating rows...
2026-03-13 00:45:21,532 - INFO -   [SKIP] Row 2 (Ibrahim Salim Jiva): no_active_leads_found for rm_id=822
2026-03-13 00:45:21,554 - INFO -   [SKIP] Row 3 (Rayyan Killedar): no_active_leads_found for rm_id=903
2026-03-13 00:45:21,576 - INFO -   [SKIP] Row 4 (Rayyan Killedar): no_active_leads_found for rm_id=903
2026-03-13 00:45:21,599 - INFO -   [SKIP] Row 5 (Rayyan Killedar): no_active_leads_found for rm_id=903
2026-03-13 00:45:21,620 - INFO -   [SKIP] Row 6 (Rayyan Killedar): no_active_leads_found for rm_id=903
2026-03-13 00:45:21,646 - INFO -   [SKIP] Row 7 (Rayyan Killedar): no_active_leads_found for rm_id=903
2026-03-13 00:45:21,671 - INFO -   [SKIP] Row 8 (Rayyan Killedar): no_active_leads_found for rm_id=903
2026-03-13 00:45:21,695 - INFO -   [SKIP] Row 9 (Rayyan Killedar): no_active_leads_found for rm_id=903
2026-03-13 00:45:21,716 - INFO -   [SKIP] Row 10 (Rayyan Killedar): no_active_leads_found for rm_id=903
2026-03-13 00:45:21,739 - INFO -   [SKIP] Row 11 (Vikas Hinchhnarayan Dubey): no_active_leads_found for rm_id=835
2026-03-13 00:45:21,766 - INFO -   [OK] Row 12 (Zahid Shaikh) -> amir@infinityservicesindia.com | Leads found: 1
2026-03-13 00:45:21,787 - INFO -   [OK] Row 13 (Zahid Shaikh) -> amir@infinityservicesindia.com | Leads found: 1
2026-03-13 00:45:21,809 - INFO -   [OK] Row 14 (Zahid Shaikh) -> amir@infinityservicesindia.com | Leads found: 1
2026-03-13 00:45:21,830 - INFO -   [SKIP] Row 15 (Aakansha Mishra): no_active_leads_found for rm_id=2654
2026-03-13 00:45:21,852 - INFO -   [SKIP] Row 16 (Aakansha Mishra): no_active_leads_found for rm_id=2654
2026-03-13 00:45:21,880 - INFO -   [SKIP] Row 17 (Aakansha Mishra): no_active_leads_found for rm_id=2654
2026-03-13 00:45:21,904 - INFO -   [SKIP] Row 18 (Aakansha Mishra): no_active_leads_found for rm_id=2654
2026-03-13 00:45:21,927 - INFO -   [SKIP] Row 19 (Aakansha Mishra): no_active_leads_found for rm_id=2654
2026-03-13 00:45:21,948 - INFO -   [SKIP] Row 20 (Aakansha Mishra): no_active_leads_found for rm_id=2654
2026-03-13 00:45:21,966 - INFO -   [SKIP] Row 21 (Aakansha Mishra): no_active_leads_found for rm_id=2654
2026-03-13 00:45:22,049 - INFO -   [SKIP] Row 22 (Aakansha Mishra): no_active_leads_found for rm_id=2654
2026-03-13 00:45:22,090 - INFO -   [SKIP] Row 23 (Aakansha Mishra): no_active_leads_found for rm_id=2654
2026-03-13 00:45:22,110 - INFO -   [SKIP] Row 24 (Aakansha Mishra): no_active_leads_found for rm_id=2654
2026-03-13 00:45:22,131 - INFO -   [SKIP] Row 25 (Aakansha Mishra): no_active_leads_found for rm_id=2654
2026-03-13 00:45:22,151 - INFO -   [SKIP] Row 26 (Aakansha Mishra): no_active_leads_found for rm_id=2654
2026-03-13 00:45:22,173 - INFO -   [SKIP] Row 27 (Aakansha Mishra): no_active_leads_found for rm_id=2654
2026-03-13 00:45:22,196 - INFO -   [SKIP] Row 28 (Aakansha Mishra): no_active_leads_found for rm_id=2654
2026-03-13 00:45:22,222 - INFO -   [SKIP] Row 29 (Aakansha Mishra): no_active_leads_found for rm_id=2654
2026-03-13 00:45:22,248 - INFO -   [SKIP] Row 30 (Aakansha Mishra): no_active_leads_found for rm_id=2654
2026-03-13 00:45:22,272 - INFO -   [SKIP] Row 31 (Aakansha Mishra): no_active_leads_found for rm_id=2654
2026-03-13 00:45:22,303 - INFO -   [SKIP] Row 32 (Aakansha Mishra): no_active_leads_found for rm_id=2654
2026-03-13 00:45:22,357 - INFO -   [SKIP] Row 33 (Aakansha Mishra): no_active_leads_found for rm_id=2654
2026-03-13 00:45:22,388 - INFO -   [SKIP] Row 34 (Aakansha Mishra): no_active_leads_found for rm_id=2654
2026-03-13 00:45:22,410 - INFO -   [SKIP] Row 35 (Aakansha Mishra): no_active_leads_found for rm_id=2654
2026-03-13 00:45:22,436 - INFO -   [SKIP] Row 36 (Aakansha Mishra): no_active_leads_found for rm_id=2654
2026-03-13 00:45:22,458 - INFO -   [SKIP] Row 37 (Aakansha Mishra): no_active_leads_found for rm_id=2654
2026-03-13 00:45:22,483 - INFO -   [SKIP] Row 38 (Aakansha Mishra): no_active_leads_found for rm_id=2654
2026-03-13 00:45:22,512 - INFO -   [SKIP] Row 39 (Archit Varma): no_active_leads_found for rm_id=2819
2026-03-13 00:45:22,537 - INFO -   [SKIP] Row 40 (Archit Varma): no_active_leads_found for rm_id=2819
2026-03-13 00:45:22,561 - INFO -   [SKIP] Row 41 (Archit Varma): no_active_leads_found for rm_id=2819
2026-03-13 00:45:22,585 - INFO -   [SKIP] Row 42 (Archit Varma): no_active_leads_found for rm_id=2819
2026-03-13 00:45:22,611 - INFO -   [SKIP] Row 43 (Archit Varma): no_active_leads_found for rm_id=2819
2026-03-13 00:45:22,635 - INFO -   [SKIP] Row 44 (Archit Varma): no_active_leads_found for rm_id=2819
2026-03-13 00:45:22,661 - INFO -   [SKIP] Row 45 (Archit Varma): no_active_leads_found for rm_id=2819
2026-03-13 00:45:22,685 - INFO -   [SKIP] Row 46 (Archit Varma): no_active_leads_found for rm_id=2819
2026-03-13 00:45:22,709 - INFO -   [SKIP] Row 47 (Arun Karunakaran): no_active_leads_found for rm_id=1377
2026-03-13 00:45:22,733 - INFO -   [SKIP] Row 48 (Arun Karunakaran): no_active_leads_found for rm_id=1377
2026-03-13 00:45:22,760 - INFO -   [SKIP] Row 49 (Arun Karunakaran): no_active_leads_found for rm_id=1377
2026-03-13 00:45:22,791 - INFO -   [SKIP] Row 50 (Arun Karunakaran): no_active_leads_found for rm_id=1377
2026-03-13 00:45:22,827 - INFO -   [SKIP] Row 51 (Arun Karunakaran): no_active_leads_found for rm_id=1377
2026-03-13 00:45:22,858 - INFO -   [SKIP] Row 52 (Arun Karunakaran): no_active_leads_found for rm_id=1377
2026-03-13 00:45:22,889 - INFO -   [SKIP] Row 53 (Chetan Rathod): no_active_leads_found for rm_id=2651
2026-03-13 00:45:22,920 - INFO -   [SKIP] Row 54 (Chetan Rathod): no_active_leads_found for rm_id=2651
2026-03-13 00:45:22,955 - INFO -   [SKIP] Row 55 (Chetan Rathod): no_active_leads_found for rm_id=2651
2026-03-13 00:45:22,989 - INFO -   [SKIP] Row 56 (Chetan Rathod): no_active_leads_found for rm_id=2651
2026-03-13 00:45:23,015 - INFO -   [SKIP] Row 57 (Chetan Rathod): no_active_leads_found for rm_id=2651
2026-03-13 00:45:23,039 - INFO -   [SKIP] Row 58 (Chetan Rathod): no_active_leads_found for rm_id=2651
2026-03-13 00:45:23,063 - INFO -   [SKIP] Row 59 (Chetan Rathod): no_active_leads_found for rm_id=2651
2026-03-13 00:45:23,083 - INFO -   [SKIP] Row 60 (Chetan Rathod): no_active_leads_found for rm_id=2651
2026-03-13 00:45:23,104 - INFO -   [SKIP] Row 61 (Chetan Rathod): no_active_leads_found for rm_id=2651
2026-03-13 00:45:23,129 - INFO -   [SKIP] Row 62 (Chetan Rathod): no_active_leads_found for rm_id=2651
2026-03-13 00:45:23,150 - INFO -   [SKIP] Row 63 (Chetan Rathod): no_active_leads_found for rm_id=2651
2026-03-13 00:45:23,170 - INFO -   [SKIP] Row 64 (Chetan Rathod): no_active_leads_found for rm_id=2651
2026-03-13 00:45:23,198 - INFO -   [SKIP] Row 65 (Chetan Rathod): no_active_leads_found for rm_id=2651
2026-03-13 00:45:23,229 - INFO -   [SKIP] Row 66 (Chetan Rathod): no_active_leads_found for rm_id=2651
2026-03-13 00:45:23,248 - INFO -   [SKIP] Row 67 (Chetan Rathod): no_active_leads_found for rm_id=2651
2026-03-13 00:45:23,270 - INFO -   [SKIP] Row 68 (Chetan Rathod): no_active_leads_found for rm_id=2651
2026-03-13 00:45:23,289 - INFO -   [SKIP] Row 69 (Chetan Rathod): no_active_leads_found for rm_id=2651
2026-03-13 00:45:23,310 - INFO -   [SKIP] Row 70 (Chetan Rathod): no_active_leads_found for rm_id=2651
2026-03-13 00:45:23,333 - INFO -   [SKIP] Row 71 (Chetan Rathod): no_active_leads_found for rm_id=2651
2026-03-13 00:45:23,356 - INFO -   [SKIP] Row 72 (Chetan Rathod): no_active_leads_found for rm_id=2651
2026-03-13 00:45:23,377 - INFO -   [SKIP] Row 73 (Chetan Rathod): no_active_leads_found for rm_id=2651
2026-03-13 00:45:23,398 - INFO -   [SKIP] Row 74 (Dakshesh  Poojari): no_active_leads_found for rm_id=2524
2026-03-13 00:45:23,422 - INFO -   [SKIP] Row 75 (Darsh Dixit): no_active_leads_found for rm_id=2662
2026-03-13 00:45:23,447 - INFO -   [SKIP] Row 76 (Darsh Dixit): no_active_leads_found for rm_id=2662
2026-03-13 00:45:23,471 - INFO -   [SKIP] Row 77 (Darsh Dixit): no_active_leads_found for rm_id=2662
2026-03-13 00:45:23,496 - INFO -   [SKIP] Row 78 (Darsh Dixit): no_active_leads_found for rm_id=2662
2026-03-13 00:45:23,557 - INFO -   [SKIP] Row 79 (Darsh Dixit): no_active_leads_found for rm_id=2662
2026-03-13 00:45:23,611 - INFO -   [SKIP] Row 80 (Darsh Dixit): no_active_leads_found for rm_id=2662
2026-03-13 00:45:23,642 - INFO -   [SKIP] Row 81 (Darsh Dixit): no_active_leads_found for rm_id=2662
2026-03-13 00:45:23,672 - INFO -   [SKIP] Row 82 (Darsh Dixit): no_active_leads_found for rm_id=2662
2026-03-13 00:45:23,699 - INFO -   [SKIP] Row 83 (Darsh Dixit): no_active_leads_found for rm_id=2662
2026-03-13 00:45:23,723 - INFO -   [SKIP] Row 84 (Darsh Dixit): no_active_leads_found for rm_id=2662
2026-03-13 00:45:23,746 - INFO -   [SKIP] Row 85 (Darsh Dixit): no_active_leads_found for rm_id=2662
2026-03-13 00:45:23,769 - INFO -   [SKIP] Row 86 (Darsh Dixit): no_active_leads_found for rm_id=2662
2026-03-13 00:45:23,794 - INFO -   [SKIP] Row 87 (Darsh Dixit): no_active_leads_found for rm_id=2662
2026-03-13 00:45:23,816 - INFO -   [SKIP] Row 88 (Darsh Dixit): no_active_leads_found for rm_id=2662
2026-03-13 00:45:23,838 - INFO -   [SKIP] Row 89 (Darsh Dixit): no_active_leads_found for rm_id=2662
2026-03-13 00:45:23,858 - INFO -   [SKIP] Row 90 (Darsh Dixit): no_active_leads_found for rm_id=2662
2026-03-13 00:45:23,879 - INFO -   [SKIP] Row 91 (Darsh Dixit): no_active_leads_found for rm_id=2662
2026-03-13 00:45:23,901 - INFO -   [SKIP] Row 92 (Darsh Dixit): no_active_leads_found for rm_id=2662
2026-03-13 00:45:23,924 - INFO -   [SKIP] Row 93 (Darsh Dixit): no_active_leads_found for rm_id=2662
2026-03-13 00:45:23,948 - INFO -   [SKIP] Row 94 (Darsh Dixit): no_active_leads_found for rm_id=2662
2026-03-13 00:45:23,969 - INFO -   [SKIP] Row 95 (Darsh Dixit): no_active_leads_found for rm_id=2662
2026-03-13 00:45:23,991 - INFO -   [SKIP] Row 96 (Darsh Dixit): no_active_leads_found for rm_id=2662
2026-03-13 00:45:24,012 - INFO -   [SKIP] Row 97 (Darsh Dixit): no_active_leads_found for rm_id=2662
2026-03-13 00:45:24,034 - INFO -   [SKIP] Row 98 (Darsh Dixit): no_active_leads_found for rm_id=2662
2026-03-13 00:45:24,056 - INFO -   [SKIP] Row 99 (Darsh Dixit): no_active_leads_found for rm_id=2662
2026-03-13 00:45:24,077 - INFO -   [SKIP] Row 100 (Darshit Chaurasia): no_active_leads_found for rm_id=915
2026-03-13 00:45:24,099 - INFO -   [SKIP] Row 101 (Darshit Chaurasia): no_active_leads_found for rm_id=915
2026-03-13 00:45:24,121 - INFO -   [SKIP] Row 102 (Ishwari Rasam): no_active_leads_found for rm_id=2476
2026-03-13 00:45:24,144 - INFO -   [SKIP] Row 103 (Ishwari Rasam): no_active_leads_found for rm_id=2476
2026-03-13 00:45:24,165 - INFO -   [SKIP] Row 104 (Ishwari Rasam): no_active_leads_found for rm_id=2476
2026-03-13 00:45:24,183 - INFO -   [SKIP] Row 105 (Ishwari Rasam): no_active_leads_found for rm_id=2476
2026-03-13 00:45:24,206 - INFO -   [SKIP] Row 106 (Ishwari Rasam): no_active_leads_found for rm_id=2476
2026-03-13 00:45:24,228 - INFO -   [SKIP] Row 107 (Jebastin  samudrapandi): no_active_leads_found for rm_id=2526
2026-03-13 00:45:24,250 - INFO -   [SKIP] Row 108 (Jebastin  samudrapandi): no_active_leads_found for rm_id=2526
2026-03-13 00:45:24,273 - INFO -   [SKIP] Row 109 (Jebastin  samudrapandi): no_active_leads_found for rm_id=2526
2026-03-13 00:45:24,295 - INFO -   [SKIP] Row 110 (Jyoti Yadav): no_active_leads_found for rm_id=942
2026-03-13 00:45:24,316 - INFO -   [SKIP] Row 111 (Jyoti Yadav): no_active_leads_found for rm_id=942
2026-03-13 00:45:24,338 - INFO -   [SKIP] Row 112 (Jyoti Yadav): no_active_leads_found for rm_id=942
2026-03-13 00:45:24,361 - INFO -   [SKIP] Row 113 (Jyoti Yadav): no_active_leads_found for rm_id=942
2026-03-13 00:45:24,381 - INFO -   [SKIP] Row 114 (Jyoti Yadav): no_active_leads_found for rm_id=942
2026-03-13 00:45:24,404 - INFO -   [SKIP] Row 115 (Jyoti Yadav): no_active_leads_found for rm_id=942
2026-03-13 00:45:24,426 - INFO -   [SKIP] Row 116 (Jyoti Yadav): no_active_leads_found for rm_id=942
2026-03-13 00:45:24,451 - INFO -   [SKIP] Row 117 (Jyoti Yadav): no_active_leads_found for rm_id=942
2026-03-13 00:45:24,475 - INFO -   [SKIP] Row 118 (Jyoti Yadav): no_active_leads_found for rm_id=942
2026-03-13 00:45:24,497 - INFO -   [SKIP] Row 119 (Jyoti Yadav): no_active_leads_found for rm_id=942
2026-03-13 00:45:24,521 - INFO -   [SKIP] Row 120 (Jyoti Yadav): no_active_leads_found for rm_id=942
2026-03-13 00:45:24,542 - INFO -   [SKIP] Row 121 (Jyoti Yadav): no_active_leads_found for rm_id=942
2026-03-13 00:45:24,563 - INFO -   [SKIP] Row 122 (Jyoti Yadav): no_active_leads_found for rm_id=942
2026-03-13 00:45:24,584 - INFO -   [SKIP] Row 123 (Jyoti Yadav): no_active_leads_found for rm_id=942
2026-03-13 00:45:24,607 - INFO -   [SKIP] Row 124 (Jyoti Yadav): no_active_leads_found for rm_id=942
2026-03-13 00:45:24,631 - INFO -   [SKIP] Row 125 (Jyoti Yadav): no_active_leads_found for rm_id=942
2026-03-13 00:45:24,652 - INFO -   [SKIP] Row 126 (Jyoti Yadav): no_active_leads_found for rm_id=942
2026-03-13 00:45:24,673 - INFO -   [SKIP] Row 127 (Jyoti Yadav): no_active_leads_found for rm_id=942
2026-03-13 00:45:24,694 - INFO -   [SKIP] Row 128 (Jyoti Yadav): no_active_leads_found for rm_id=942
2026-03-13 00:45:24,716 - INFO -   [SKIP] Row 129 (Jyoti Yadav): no_active_leads_found for rm_id=942
2026-03-13 00:45:24,738 - INFO -   [SKIP] Row 130 (Jyoti Yadav): no_active_leads_found for rm_id=942
2026-03-13 00:45:24,760 - INFO -   [SKIP] Row 131 (Jyoti Yadav): no_active_leads_found for rm_id=942
2026-03-13 00:45:24,809 - INFO -   [SKIP] Row 132 (Jyoti Yadav): no_active_leads_found for rm_id=942
2026-03-13 00:45:24,846 - INFO -   [SKIP] Row 133 (Jyoti Yadav): no_active_leads_found for rm_id=942
2026-03-13 00:45:24,868 - INFO -   [SKIP] Row 134 (Jyoti Yadav): no_active_leads_found for rm_id=942
2026-03-13 00:45:24,889 - INFO -   [SKIP] Row 135 (Jyoti Yadav): no_active_leads_found for rm_id=942
2026-03-13 00:45:24,910 - INFO -   [SKIP] Row 136 (Jyoti Yadav): no_active_leads_found for rm_id=942
2026-03-13 00:45:24,931 - INFO -   [SKIP] Row 137 (Jyoti Yadav): no_active_leads_found for rm_id=942
2026-03-13 00:45:24,953 - INFO -   [SKIP] Row 138 (Jyoti Yadav): no_active_leads_found for rm_id=942
2026-03-13 00:45:24,978 - INFO -   [SKIP] Row 139 (Jyoti Yadav): no_active_leads_found for rm_id=942
2026-03-13 00:45:25,003 - INFO -   [SKIP] Row 140 (Jyoti Yadav): no_active_leads_found for rm_id=942
2026-03-13 00:45:25,027 - INFO -   [SKIP] Row 141 (Jyoti Yadav): no_active_leads_found for rm_id=942
2026-03-13 00:45:25,049 - INFO -   [SKIP] Row 142 (Jyoti Yadav): no_active_leads_found for rm_id=942
2026-03-13 00:45:25,070 - INFO -   [SKIP] Row 143 (Jyoti Yadav): no_active_leads_found for rm_id=942
2026-03-13 00:45:25,092 - INFO -   [SKIP] Row 144 (Jyoti Yadav): no_active_leads_found for rm_id=942
2026-03-13 00:45:25,115 - INFO -   [SKIP] Row 145 (Kainath Khan): no_active_leads_found for rm_id=2203
2026-03-13 00:45:25,136 - INFO -   [SKIP] Row 146 (Kainath Khan): no_active_leads_found for rm_id=2203
2026-03-13 00:45:25,158 - INFO -   [SKIP] Row 147 (Kainath Khan): no_active_leads_found for rm_id=2203
2026-03-13 00:45:25,179 - INFO -   [SKIP] Row 148 (Kainath Khan): no_active_leads_found for rm_id=2203
2026-03-13 00:45:25,200 - INFO -   [SKIP] Row 149 (Kainath Khan): no_active_leads_found for rm_id=2203
2026-03-13 00:45:25,217 - INFO -   [SKIP] Row 150 (Kainath Khan): no_active_leads_found for rm_id=2203
2026-03-13 00:45:25,236 - INFO -   [SKIP] Row 151 (Kainath Khan): no_active_leads_found for rm_id=2203
2026-03-13 00:45:25,266 - INFO -   [SKIP] Row 152 (Linta Joshua): no_active_leads_found for rm_id=912
2026-03-13 00:45:25,285 - INFO -   [SKIP] Row 153 (Linta Joshua): no_active_leads_found for rm_id=912
2026-03-13 00:45:25,305 - INFO -   [SKIP] Row 154 (Linta Joshua): no_active_leads_found for rm_id=912
2026-03-13 00:45:25,377 - INFO -   [SKIP] Row 155 (Linta Joshua): no_active_leads_found for rm_id=912
2026-03-13 00:45:25,413 - INFO -   [SKIP] Row 156 (Linta Joshua): no_active_leads_found for rm_id=912
2026-03-13 00:45:25,440 - INFO -   [SKIP] Row 157 (Madhuri Patil): no_active_leads_found for rm_id=940
2026-03-13 00:45:25,466 - INFO -   [SKIP] Row 158 (Madhuri Patil): no_active_leads_found for rm_id=940
2026-03-13 00:45:25,487 - INFO -   [SKIP] Row 159 (Madhuri Patil): no_active_leads_found for rm_id=940
2026-03-13 00:45:25,506 - INFO -   [SKIP] Row 160 (Madhuri Patil): no_active_leads_found for rm_id=940
2026-03-13 00:45:25,525 - INFO -   [SKIP] Row 161 (Madhuri Patil): no_active_leads_found for rm_id=940
2026-03-13 00:45:25,545 - INFO -   [SKIP] Row 162 (Madhuri Patil): no_active_leads_found for rm_id=940
2026-03-13 00:45:25,564 - INFO -   [SKIP] Row 163 (Mahesh Kharat): no_active_leads_found for rm_id=2122
2026-03-13 00:45:25,584 - INFO -   [SKIP] Row 164 (Mahesh Kharat): no_active_leads_found for rm_id=2122
2026-03-13 00:45:25,605 - INFO -   [SKIP] Row 165 (Mahesh Kharat): no_active_leads_found for rm_id=2122
2026-03-13 00:45:25,626 - INFO -   [SKIP] Row 166 (Mahesh Kharat): no_active_leads_found for rm_id=2122
2026-03-13 00:45:25,647 - INFO -   [SKIP] Row 167 (Mangesh Sabale): no_active_leads_found for rm_id=2434
2026-03-13 00:45:25,667 - INFO -   [SKIP] Row 168 (Mangesh Sabale): no_active_leads_found for rm_id=2434
2026-03-13 00:45:25,687 - INFO -   [SKIP] Row 169 (Mangesh Sabale): no_active_leads_found for rm_id=2434
2026-03-13 00:45:25,707 - INFO -   [SKIP] Row 170 (Mangesh Sabale): no_active_leads_found for rm_id=2434
2026-03-13 00:45:25,726 - INFO -   [SKIP] Row 171 (Mangesh Sabale): no_active_leads_found for rm_id=2434
2026-03-13 00:45:25,748 - INFO -   [SKIP] Row 172 (Mansi Mankame): no_active_leads_found for rm_id=3052
2026-03-13 00:45:25,768 - INFO -   [SKIP] Row 173 (Mansi Mankame): no_active_leads_found for rm_id=3052
2026-03-13 00:45:25,789 - INFO -   [SKIP] Row 174 (Mansi Mankame): no_active_leads_found for rm_id=3052
2026-03-13 00:45:25,807 - INFO -   [SKIP] Row 175 (Mansi Mankame): no_active_leads_found for rm_id=3052
2026-03-13 00:45:25,827 - INFO -   [SKIP] Row 176 (Mansi Mankame): no_active_leads_found for rm_id=3052
2026-03-13 00:45:25,847 - INFO -   [SKIP] Row 177 (Mansi Mankame): no_active_leads_found for rm_id=3052
2026-03-13 00:45:25,868 - INFO -   [SKIP] Row 178 (Mansi Mankame): no_active_leads_found for rm_id=3052
2026-03-13 00:45:25,889 - INFO -   [SKIP] Row 179 (Mansi Mankame): no_active_leads_found for rm_id=3052
2026-03-13 00:45:25,909 - INFO -   [SKIP] Row 180 (Mansi Mankame): no_active_leads_found for rm_id=3052
2026-03-13 00:45:25,930 - INFO -   [SKIP] Row 181 (Mansi Mankame): no_active_leads_found for rm_id=3052
2026-03-13 00:45:25,950 - INFO -   [SKIP] Row 182 (Mansi Mankame): no_active_leads_found for rm_id=3052
2026-03-13 00:45:25,970 - INFO -   [SKIP] Row 183 (Mansi Mankame): no_active_leads_found for rm_id=3052
2026-03-13 00:45:25,992 - INFO -   [SKIP] Row 184 (Mansi Mankame): no_active_leads_found for rm_id=3052
2026-03-13 00:45:26,013 - INFO -   [SKIP] Row 185 (Mansi Mankame): no_active_leads_found for rm_id=3052
2026-03-13 00:45:26,033 - INFO -   [SKIP] Row 186 (Mansi Mankame): no_active_leads_found for rm_id=3052
2026-03-13 00:45:26,052 - INFO -   [SKIP] Row 187 (Mansi Mankame): no_active_leads_found for rm_id=3052
2026-03-13 00:45:26,072 - INFO -   [SKIP] Row 188 (Mansi Mankame): no_active_leads_found for rm_id=3052
2026-03-13 00:45:26,094 - INFO -   [SKIP] Row 189 (Mansi Mankame): no_active_leads_found for rm_id=3052
2026-03-13 00:45:26,114 - INFO -   [SKIP] Row 190 (Mansi Mankame): no_active_leads_found for rm_id=3052
2026-03-13 00:45:26,132 - INFO -   [SKIP] Row 191 (Mansi Mankame): no_active_leads_found for rm_id=3052
2026-03-13 00:45:26,152 - INFO -   [SKIP] Row 192 (Mohit Pandey): no_active_leads_found for rm_id=2767
2026-03-13 00:45:26,174 - INFO -   [SKIP] Row 193 (Mohit Pandey): no_active_leads_found for rm_id=2767
2026-03-13 00:45:26,196 - INFO -   [SKIP] Row 194 (Mohit Pandey): no_active_leads_found for rm_id=2767
2026-03-13 00:45:26,217 - INFO -   [SKIP] Row 195 (Mohit Pandey): no_active_leads_found for rm_id=2767
2026-03-13 00:45:26,237 - INFO -   [SKIP] Row 196 (Mohit Pandey): no_active_leads_found for rm_id=2767
2026-03-13 00:45:26,261 - INFO -   [SKIP] Row 197 (Mohit Pandey): no_active_leads_found for rm_id=2767
2026-03-13 00:45:26,283 - INFO -   [SKIP] Row 198 (Mohit Pandey): no_active_leads_found for rm_id=2767
2026-03-13 00:45:26,322 - INFO -   [SKIP] Row 199 (Mohit Pandey): no_active_leads_found for rm_id=2767
2026-03-13 00:45:26,375 - INFO -   [SKIP] Row 200 (Mohit Pandey): no_active_leads_found for rm_id=2767
2026-03-13 00:45:26,476 - INFO -   [SKIP] Row 201 (Mohit Pandey): no_active_leads_found for rm_id=2767
2026-03-13 00:45:26,506 - INFO -   [SKIP] Row 202 (Mohit Pandey): no_active_leads_found for rm_id=2767
2026-03-13 00:45:26,529 - INFO -   [SKIP] Row 203 (Mohit Pandey): no_active_leads_found for rm_id=2767
2026-03-13 00:45:26,579 - INFO -   [SKIP] Row 204 (Mohit Pandey): no_active_leads_found for rm_id=2767
2026-03-13 00:45:26,653 - INFO -   [SKIP] Row 205 (Mohit Pandey): no_active_leads_found for rm_id=2767
2026-03-13 00:45:26,695 - INFO -   [SKIP] Row 206 (Mohit Pandey): no_active_leads_found for rm_id=2767
2026-03-13 00:45:26,770 - INFO -   [SKIP] Row 207 (Mohit Pandey): no_active_leads_found for rm_id=2767
2026-03-13 00:45:26,793 - INFO -   [SKIP] Row 208 (Mohit Pandey): no_active_leads_found for rm_id=2767
2026-03-13 00:45:26,816 - INFO -   [SKIP] Row 209 (Mohit Pandey): no_active_leads_found for rm_id=2767
2026-03-13 00:45:26,838 - INFO -   [SKIP] Row 210 (Mohit Pandey): no_active_leads_found for rm_id=2767
2026-03-13 00:45:26,863 - INFO -   [SKIP] Row 211 (Mohit Pandey): no_active_leads_found for rm_id=2767
2026-03-13 00:45:26,887 - INFO -   [SKIP] Row 212 (Mohit Pandey): no_active_leads_found for rm_id=2767
2026-03-13 00:45:26,911 - INFO -   [SKIP] Row 213 (Mohit Pandey): no_active_leads_found for rm_id=2767
2026-03-13 00:45:26,936 - INFO -   [SKIP] Row 214 (Mohit Pandey): no_active_leads_found for rm_id=2767
2026-03-13 00:45:26,958 - INFO -   [SKIP] Row 215 (Moshin Qureshi): no_active_leads_found for rm_id=2292
2026-03-13 00:45:26,988 - INFO -   [SKIP] Row 216 (Moshin Qureshi): no_active_leads_found for rm_id=2292
2026-03-13 00:45:27,028 - INFO -   [SKIP] Row 217 (Moshin Qureshi): no_active_leads_found for rm_id=2292
2026-03-13 00:45:27,049 - INFO -   [SKIP] Row 218 (Moshin Qureshi): no_active_leads_found for rm_id=2292
2026-03-13 00:45:27,071 - INFO -   [SKIP] Row 219 (Moshin Qureshi): no_active_leads_found for rm_id=2292
2026-03-13 00:45:27,096 - INFO -   [SKIP] Row 220 (Moshin Qureshi): no_active_leads_found for rm_id=2292
2026-03-13 00:45:27,117 - INFO -   [SKIP] Row 221 (Moshin Qureshi): no_active_leads_found for rm_id=2292
2026-03-13 00:45:27,138 - INFO -   [SKIP] Row 222 (Neha Singh): no_active_leads_found for rm_id=2119
2026-03-13 00:45:27,157 - INFO -   [SKIP] Row 223 (Neha Singh): no_active_leads_found for rm_id=2119
2026-03-13 00:45:27,179 - INFO -   [SKIP] Row 224 (Neha Singh): no_active_leads_found for rm_id=2119
2026-03-13 00:45:27,198 - INFO -   [SKIP] Row 225 (Neha Singh): no_active_leads_found for rm_id=2119
2026-03-13 00:45:27,234 - INFO -   [SKIP] Row 226 (Neha Singh): no_active_leads_found for rm_id=2119
2026-03-13 00:45:27,252 - INFO -   [SKIP] Row 227 (Neha Singh): no_active_leads_found for rm_id=2119
2026-03-13 00:45:27,271 - INFO -   [SKIP] Row 228 (Neha Singh): no_active_leads_found for rm_id=2119
2026-03-13 00:45:27,289 - INFO -   [SKIP] Row 229 (Neha Singh): no_active_leads_found for rm_id=2119
2026-03-13 00:45:27,308 - INFO -   [SKIP] Row 230 (Nirav Gandhi): no_active_leads_found for rm_id=2433
2026-03-13 00:45:27,330 - INFO -   [SKIP] Row 231 (Nirav Gandhi): no_active_leads_found for rm_id=2433
2026-03-13 00:45:27,352 - INFO -   [SKIP] Row 232 (Nirav Gandhi): no_active_leads_found for rm_id=2433
2026-03-13 00:45:27,373 - INFO -   [SKIP] Row 233 (Nirav Gandhi): no_active_leads_found for rm_id=2433
2026-03-13 00:45:27,394 - INFO -   [SKIP] Row 234 (Nishant Mayekar): no_active_leads_found for rm_id=2818
2026-03-13 00:45:27,418 - INFO -   [SKIP] Row 235 (Nishant Mayekar): no_active_leads_found for rm_id=2818
2026-03-13 00:45:27,440 - INFO -   [SKIP] Row 236 (Nishant Mayekar): no_active_leads_found for rm_id=2818
2026-03-13 00:45:27,461 - INFO -   [SKIP] Row 237 (Nishant Mayekar): no_active_leads_found for rm_id=2818
2026-03-13 00:45:27,483 - INFO -   [SKIP] Row 238 (Nishant Mayekar): no_active_leads_found for rm_id=2818
2026-03-13 00:45:27,505 - INFO -   [SKIP] Row 239 (Nishant Mayekar): no_active_leads_found for rm_id=2818
2026-03-13 00:45:27,527 - INFO -   [SKIP] Row 240 (Nishant Mayekar): no_active_leads_found for rm_id=2818
2026-03-13 00:45:27,548 - INFO -   [SKIP] Row 241 (Nishant Mayekar): no_active_leads_found for rm_id=2818
2026-03-13 00:45:27,574 - INFO -   [SKIP] Row 242 (Nishant Mayekar): no_active_leads_found for rm_id=2818
2026-03-13 00:45:27,594 - INFO -   [SKIP] Row 243 (Nishant Mayekar): no_active_leads_found for rm_id=2818
2026-03-13 00:45:27,615 - INFO -   [SKIP] Row 244 (Nishant Mayekar): no_active_leads_found for rm_id=2818
2026-03-13 00:45:27,636 - INFO -   [SKIP] Row 245 (Nishant Mayekar): no_active_leads_found for rm_id=2818
2026-03-13 00:45:27,658 - INFO -   [SKIP] Row 246 (Nishant Mayekar): no_active_leads_found for rm_id=2818
2026-03-13 00:45:27,679 - INFO -   [SKIP] Row 247 (Pooja chhotelal): no_active_leads_found for rm_id=2722
2026-03-13 00:45:27,701 - INFO -   [SKIP] Row 248 (Pooja chhotelal): no_active_leads_found for rm_id=2722
2026-03-13 00:45:27,722 - INFO -   [SKIP] Row 249 (Pooja chhotelal): no_active_leads_found for rm_id=2722
2026-03-13 00:45:27,744 - INFO -   [SKIP] Row 250 (Pooja chhotelal): no_active_leads_found for rm_id=2722
2026-03-13 00:45:27,765 - INFO -   [SKIP] Row 251 (Pooja chhotelal): no_active_leads_found for rm_id=2722
2026-03-13 00:45:27,787 - INFO -   [SKIP] Row 252 (Pooja chhotelal): no_active_leads_found for rm_id=2722
2026-03-13 00:45:27,809 - INFO -   [SKIP] Row 253 (Pooja chhotelal): no_active_leads_found for rm_id=2722
2026-03-13 00:45:27,830 - INFO -   [SKIP] Row 254 (Pooja chhotelal): no_active_leads_found for rm_id=2722
2026-03-13 00:45:27,849 - INFO -   [SKIP] Row 255 (Pooja chhotelal): no_active_leads_found for rm_id=2722
2026-03-13 00:45:27,869 - INFO -   [SKIP] Row 256 (Pooja chhotelal): no_active_leads_found for rm_id=2722
2026-03-13 00:45:27,890 - INFO -   [SKIP] Row 257 (Pooja chhotelal): no_active_leads_found for rm_id=2722
2026-03-13 00:45:27,913 - INFO -   [SKIP] Row 258 (Pooja chhotelal): no_active_leads_found for rm_id=2722
2026-03-13 00:45:27,940 - INFO -   [SKIP] Row 259 (Pooja chhotelal): no_active_leads_found for rm_id=2722
2026-03-13 00:45:27,961 - INFO -   [SKIP] Row 260 (Pooja chhotelal): no_active_leads_found for rm_id=2722
2026-03-13 00:45:27,983 - INFO -   [SKIP] Row 261 (Pooja chhotelal): no_active_leads_found for rm_id=2722
2026-03-13 00:45:28,003 - INFO -   [SKIP] Row 262 (Pooja chhotelal): no_active_leads_found for rm_id=2722
2026-03-13 00:45:28,023 - INFO -   [SKIP] Row 263 (Pooja chhotelal): no_active_leads_found for rm_id=2722
2026-03-13 00:45:28,044 - INFO -   [SKIP] Row 264 (Pooja chhotelal): no_active_leads_found for rm_id=2722
2026-03-13 00:45:28,064 - INFO -   [SKIP] Row 265 (Pooja chhotelal): no_active_leads_found for rm_id=2722
2026-03-13 00:45:28,084 - INFO -   [SKIP] Row 266 (Pooja chhotelal): no_active_leads_found for rm_id=2722
2026-03-13 00:45:28,106 - INFO -   [SKIP] Row 267 (Pooja chhotelal): no_active_leads_found for rm_id=2722
2026-03-13 00:45:28,128 - INFO -   [SKIP] Row 268 (Pooja chhotelal): no_active_leads_found for rm_id=2722
2026-03-13 00:45:28,149 - INFO -   [SKIP] Row 269 (Pooja chhotelal): no_active_leads_found for rm_id=2722
2026-03-13 00:45:28,169 - INFO -   [SKIP] Row 270 (Preet Soni): no_active_leads_found for rm_id=2817
2026-03-13 00:45:28,190 - INFO -   [SKIP] Row 271 (Preet Soni): no_active_leads_found for rm_id=2817
2026-03-13 00:45:28,212 - INFO -   [SKIP] Row 272 (Preet Soni): no_active_leads_found for rm_id=2817
2026-03-13 00:45:28,233 - INFO -   [SKIP] Row 273 (Preet Soni): no_active_leads_found for rm_id=2817
2026-03-13 00:45:28,256 - INFO -   [SKIP] Row 274 (Preet Soni): no_active_leads_found for rm_id=2817
2026-03-13 00:45:28,278 - INFO -   [SKIP] Row 275 (Preet Soni): no_active_leads_found for rm_id=2817
2026-03-13 00:45:28,300 - INFO -   [SKIP] Row 276 (Preet Soni): no_active_leads_found for rm_id=2817
2026-03-13 00:45:28,327 - INFO -   [SKIP] Row 277 (Preet Soni): no_active_leads_found for rm_id=2817
2026-03-13 00:45:28,350 - INFO -   [SKIP] Row 278 (Preet Soni): no_active_leads_found for rm_id=2817
2026-03-13 00:45:28,376 - INFO -   [SKIP] Row 279 (Preet Soni): no_active_leads_found for rm_id=2817
2026-03-13 00:45:28,398 - INFO -   [SKIP] Row 280 (Radhika Gupta): no_active_leads_found for rm_id=2764
2026-03-13 00:45:28,421 - INFO -   [SKIP] Row 281 (Radhika Gupta): no_active_leads_found for rm_id=2764
2026-03-13 00:45:28,464 - INFO -   [SKIP] Row 282 (Radhika Gupta): no_active_leads_found for rm_id=2764
2026-03-13 00:45:28,509 - INFO -   [SKIP] Row 283 (Radhika Gupta): no_active_leads_found for rm_id=2764
2026-03-13 00:45:28,537 - INFO -   [SKIP] Row 284 (Radhika Gupta): no_active_leads_found for rm_id=2764
2026-03-13 00:45:28,562 - INFO -   [SKIP] Row 285 (Radhika Gupta): no_active_leads_found for rm_id=2764
2026-03-13 00:45:28,593 - INFO -   [SKIP] Row 286 (Radhika Gupta): no_active_leads_found for rm_id=2764
2026-03-13 00:45:28,622 - INFO -   [SKIP] Row 287 (Radhika Gupta): no_active_leads_found for rm_id=2764
2026-03-13 00:45:28,673 - INFO -   [SKIP] Row 288 (Radhika Gupta): no_active_leads_found for rm_id=2764
2026-03-13 00:45:28,716 - INFO -   [SKIP] Row 289 (Radhika Gupta): no_active_leads_found for rm_id=2764
2026-03-13 00:45:28,748 - INFO -   [SKIP] Row 290 (Radhika Gupta): no_active_leads_found for rm_id=2764
2026-03-13 00:45:28,771 - INFO -   [SKIP] Row 291 (Radhika Gupta): no_active_leads_found for rm_id=2764
2026-03-13 00:45:28,794 - INFO -   [SKIP] Row 292 (Radhika Gupta): no_active_leads_found for rm_id=2764
2026-03-13 00:45:28,823 - INFO -   [SKIP] Row 293 (Radhika Gupta): no_active_leads_found for rm_id=2764
2026-03-13 00:45:28,858 - INFO -   [SKIP] Row 294 (Ridhika verma): no_active_leads_found for rm_id=2692
2026-03-13 00:45:28,879 - INFO -   [SKIP] Row 295 (Ridhika verma): no_active_leads_found for rm_id=2692
2026-03-13 00:45:28,901 - INFO -   [SKIP] Row 296 (Ridhika verma): no_active_leads_found for rm_id=2692
2026-03-13 00:45:28,921 - INFO -   [SKIP] Row 297 (Ridhika verma): no_active_leads_found for rm_id=2692
2026-03-13 00:45:28,941 - INFO -   [SKIP] Row 298 (Ridhika verma): no_active_leads_found for rm_id=2692
2026-03-13 00:45:28,960 - INFO -   [SKIP] Row 299 (Rohit Chavan): no_active_leads_found for rm_id=1230
2026-03-13 00:45:28,981 - INFO -   [SKIP] Row 300 (Rohit Chavan): no_active_leads_found for rm_id=1230
2026-03-13 00:45:29,000 - INFO -   [SKIP] Row 301 (Rohit Chavan): no_active_leads_found for rm_id=1230
2026-03-13 00:45:29,021 - INFO -   [SKIP] Row 302 (Rohit Chavan): no_active_leads_found for rm_id=1230
2026-03-13 00:45:29,043 - INFO -   [SKIP] Row 303 (Rohit Chavan): no_active_leads_found for rm_id=1230
2026-03-13 00:45:29,062 - INFO -   [SKIP] Row 304 (Saniya Khan): no_active_leads_found for rm_id=2207
2026-03-13 00:45:29,081 - INFO -   [SKIP] Row 305 (Saniya Khan): no_active_leads_found for rm_id=2207
2026-03-13 00:45:29,104 - INFO -   [SKIP] Row 306 (Saniya Khan): no_active_leads_found for rm_id=2207
2026-03-13 00:45:29,124 - INFO -   [SKIP] Row 307 (Saniya Khan): no_active_leads_found for rm_id=2207
2026-03-13 00:45:29,147 - INFO -   [SKIP] Row 308 (Saniya Khan): no_active_leads_found for rm_id=2207
2026-03-13 00:45:29,167 - INFO -   [SKIP] Row 309 (Saniya Khan): no_active_leads_found for rm_id=2207
2026-03-13 00:45:29,186 - INFO -   [SKIP] Row 310 (Saurabh Mishra): no_active_leads_found for rm_id=1653
2026-03-13 00:45:29,206 - INFO -   [SKIP] Row 311 (Saurabh Mishra): no_active_leads_found for rm_id=1653
2026-03-13 00:45:29,227 - INFO -   [SKIP] Row 312 (Saurabh Mishra): no_active_leads_found for rm_id=1653
2026-03-13 00:45:29,246 - INFO -   [SKIP] Row 313 (Saurabh Mishra): no_active_leads_found for rm_id=1653
2026-03-13 00:45:29,270 - INFO -   [SKIP] Row 314 (Sayara Ansari): no_active_leads_found for rm_id=2663
2026-03-13 00:45:29,292 - INFO -   [SKIP] Row 315 (Sayara Ansari): no_active_leads_found for rm_id=2663
2026-03-13 00:45:29,312 - INFO -   [SKIP] Row 316 (Sayara Ansari): no_active_leads_found for rm_id=2663
2026-03-13 00:45:29,333 - INFO -   [SKIP] Row 317 (Sayara Ansari): no_active_leads_found for rm_id=2663
2026-03-13 00:45:29,353 - INFO -   [SKIP] Row 318 (Sayara Ansari): no_active_leads_found for rm_id=2663
2026-03-13 00:45:29,375 - INFO -   [SKIP] Row 319 (Sayara Ansari): no_active_leads_found for rm_id=2663
2026-03-13 00:45:29,396 - INFO -   [SKIP] Row 320 (Sayara Ansari): no_active_leads_found for rm_id=2663
2026-03-13 00:45:29,417 - INFO -   [SKIP] Row 321 (Sayara Ansari): no_active_leads_found for rm_id=2663
2026-03-13 00:45:29,438 - INFO -   [SKIP] Row 322 (Sayara Ansari): no_active_leads_found for rm_id=2663
2026-03-13 00:45:29,460 - INFO -   [SKIP] Row 323 (Sayara Ansari): no_active_leads_found for rm_id=2663
2026-03-13 00:45:29,495 - INFO -   [SKIP] Row 324 (Sayara Ansari): no_active_leads_found for rm_id=2663
2026-03-13 00:45:29,531 - INFO -   [SKIP] Row 325 (Sayara Ansari): no_active_leads_found for rm_id=2663
2026-03-13 00:45:29,553 - INFO -   [SKIP] Row 326 (Sayara Ansari): no_active_leads_found for rm_id=2663
2026-03-13 00:45:29,573 - INFO -   [SKIP] Row 327 (Sayara Ansari): no_active_leads_found for rm_id=2663
2026-03-13 00:45:29,609 - INFO -   [SKIP] Row 328 (Sayara Ansari): no_active_leads_found for rm_id=2663
2026-03-13 00:45:29,676 - INFO -   [SKIP] Row 329 (Sayara Ansari): no_active_leads_found for rm_id=2663
2026-03-13 00:45:29,708 - INFO -   [SKIP] Row 330 (Sayara Ansari): no_active_leads_found for rm_id=2663
2026-03-13 00:45:29,731 - INFO -   [SKIP] Row 331 (Sayara Ansari): no_active_leads_found for rm_id=2663
2026-03-13 00:45:29,760 - INFO -   [SKIP] Row 332 (Sayara Ansari): no_active_leads_found for rm_id=2663
2026-03-13 00:45:29,788 - INFO -   [SKIP] Row 333 (Sayara Ansari): no_active_leads_found for rm_id=2663
2026-03-13 00:45:29,817 - INFO -   [SKIP] Row 334 (Sayara Ansari): no_active_leads_found for rm_id=2663
2026-03-13 00:45:29,859 - INFO -   [SKIP] Row 335 (Sayara Ansari): no_active_leads_found for rm_id=2663
2026-03-13 00:45:29,883 - INFO -   [SKIP] Row 336 (Sayara Ansari): no_active_leads_found for rm_id=2663
2026-03-13 00:45:29,902 - INFO -   [SKIP] Row 337 (Sayara Ansari): no_active_leads_found for rm_id=2663
2026-03-13 00:45:29,924 - INFO -   [SKIP] Row 338 (Sayara Ansari): no_active_leads_found for rm_id=2663
2026-03-13 00:45:29,947 - INFO -   [SKIP] Row 339 (Sayara Ansari): no_active_leads_found for rm_id=2663
2026-03-13 00:45:29,967 - INFO -   [SKIP] Row 340 (Sayara Ansari): no_active_leads_found for rm_id=2663
2026-03-13 00:45:29,988 - INFO -   [SKIP] Row 341 (Sayara Ansari): no_active_leads_found for rm_id=2663
2026-03-13 00:45:30,010 - INFO -   [SKIP] Row 342 (Sayara Ansari): no_active_leads_found for rm_id=2663
2026-03-13 00:45:30,029 - INFO -   [SKIP] Row 343 (Sejal Singh): no_active_leads_found for rm_id=2591
2026-03-13 00:45:30,048 - INFO -   [SKIP] Row 344 (Sejal Singh): no_active_leads_found for rm_id=2591
2026-03-13 00:45:30,067 - INFO -   [SKIP] Row 345 (Sejal Singh): no_active_leads_found for rm_id=2591
2026-03-13 00:45:30,087 - INFO -   [SKIP] Row 346 (Sejal Singh): no_active_leads_found for rm_id=2591
2026-03-13 00:45:30,107 - INFO -   [SKIP] Row 347 (Sejal Singh): no_active_leads_found for rm_id=2591
2026-03-13 00:45:30,127 - INFO -   [SKIP] Row 348 (Sejal Singh): no_active_leads_found for rm_id=2591
2026-03-13 00:45:30,146 - INFO -   [SKIP] Row 349 (Sejal Singh): no_active_leads_found for rm_id=2591
2026-03-13 00:45:30,169 - INFO -   [SKIP] Row 350 (Sejal Singh): no_active_leads_found for rm_id=2591
2026-03-13 00:45:30,189 - INFO -   [SKIP] Row 351 (Sejal Singh): no_active_leads_found for rm_id=2591
2026-03-13 00:45:30,208 - INFO -   [SKIP] Row 352 (Sejal Singh): no_active_leads_found for rm_id=2591
2026-03-13 00:45:30,228 - INFO -   [SKIP] Row 353 (Sejal Singh): no_active_leads_found for rm_id=2591
2026-03-13 00:45:30,248 - INFO -   [SKIP] Row 354 (Sejal Singh): no_active_leads_found for rm_id=2591
2026-03-13 00:45:30,270 - INFO -   [SKIP] Row 355 (Sejal Singh): no_active_leads_found for rm_id=2591
2026-03-13 00:45:30,289 - INFO -   [SKIP] Row 356 (Sejal Singh): no_active_leads_found for rm_id=2591
2026-03-13 00:45:30,308 - INFO -   [SKIP] Row 357 (Sejal Singh): no_active_leads_found for rm_id=2591
2026-03-13 00:45:30,328 - INFO -   [SKIP] Row 358 (Sejal Singh): no_active_leads_found for rm_id=2591
2026-03-13 00:45:30,346 - INFO -   [SKIP] Row 359 (Sejal Singh): no_active_leads_found for rm_id=2591
2026-03-13 00:45:30,366 - INFO -   [SKIP] Row 360 (Sejal Singh): no_active_leads_found for rm_id=2591
2026-03-13 00:45:30,385 - INFO -   [SKIP] Row 361 (Sejal Singh): no_active_leads_found for rm_id=2591
2026-03-13 00:45:30,404 - INFO -   [SKIP] Row 362 (Sejal Singh): no_active_leads_found for rm_id=2591
2026-03-13 00:45:30,423 - INFO -   [SKIP] Row 363 (Sejal Singh): no_active_leads_found for rm_id=2591
2026-03-13 00:45:30,443 - INFO -   [SKIP] Row 364 (Sejal Singh): no_active_leads_found for rm_id=2591
2026-03-13 00:45:30,462 - INFO -   [SKIP] Row 365 (Sejal Singh): no_active_leads_found for rm_id=2591
2026-03-13 00:45:30,480 - INFO -   [SKIP] Row 366 (Sejal Singh): no_active_leads_found for rm_id=2591
2026-03-13 00:45:30,499 - INFO -   [SKIP] Row 367 (Sejal Singh): no_active_leads_found for rm_id=2591
2026-03-13 00:45:30,520 - INFO -   [SKIP] Row 368 (Sejal Singh): no_active_leads_found for rm_id=2591
2026-03-13 00:45:30,541 - INFO -   [SKIP] Row 369 (Sejal Singh): no_active_leads_found for rm_id=2591
2026-03-13 00:45:30,559 - INFO -   [SKIP] Row 370 (Sejal Singh): no_active_leads_found for rm_id=2591
2026-03-13 00:45:30,580 - INFO -   [SKIP] Row 371 (Sejal Singh): no_active_leads_found for rm_id=2591
2026-03-13 00:45:30,599 - INFO -   [SKIP] Row 372 (Sejal Singh): no_active_leads_found for rm_id=2591
2026-03-13 00:45:30,617 - INFO -   [SKIP] Row 373 (Sejal Singh): no_active_leads_found for rm_id=2591
2026-03-13 00:45:30,636 - INFO -   [SKIP] Row 374 (Sejal Singh): no_active_leads_found for rm_id=2591
2026-03-13 00:45:30,656 - INFO -   [SKIP] Row 375 (Sejal Singh): no_active_leads_found for rm_id=2591
2026-03-13 00:45:30,676 - INFO -   [SKIP] Row 376 (Sejal Singh): no_active_leads_found for rm_id=2591
2026-03-13 00:45:30,701 - INFO -   [SKIP] Row 377 (Sejal Singh): no_active_leads_found for rm_id=2591
2026-03-13 00:45:30,719 - INFO -   [SKIP] Row 378 (Sejal Singh): no_active_leads_found for rm_id=2591
2026-03-13 00:45:30,741 - INFO -   [SKIP] Row 379 (Sejal Singh): no_active_leads_found for rm_id=2591
2026-03-13 00:45:30,785 - INFO -   [SKIP] Row 380 (Sejal Singh): no_active_leads_found for rm_id=2591
2026-03-13 00:45:30,806 - INFO -   [SKIP] Row 381 (Sejal Singh): no_active_leads_found for rm_id=2591
2026-03-13 00:45:30,832 - INFO -   [SKIP] Row 382 (Sejal Singh): no_active_leads_found for rm_id=2591
2026-03-13 00:45:30,874 - INFO -   [SKIP] Row 383 (Sejal Singh): no_active_leads_found for rm_id=2591
2026-03-13 00:45:30,902 - INFO -   [SKIP] Row 384 (Sejal Singh): no_active_leads_found for rm_id=2591
2026-03-13 00:45:30,933 - INFO -   [SKIP] Row 385 (Sejal Singh): no_active_leads_found for rm_id=2591
2026-03-13 00:45:30,976 - INFO -   [SKIP] Row 386 (Shamim Shaikh): no_active_leads_found for rm_id=2690
2026-03-13 00:45:31,012 - INFO -   [SKIP] Row 387 (Shamim Shaikh): no_active_leads_found for rm_id=2690
2026-03-13 00:45:31,039 - INFO -   [SKIP] Row 388 (Shamim Shaikh): no_active_leads_found for rm_id=2690
2026-03-13 00:45:31,067 - INFO -   [SKIP] Row 389 (Shamim Shaikh): no_active_leads_found for rm_id=2690
2026-03-13 00:45:31,092 - INFO -   [SKIP] Row 390 (Shamim Shaikh): no_active_leads_found for rm_id=2690
2026-03-13 00:45:31,115 - INFO -   [SKIP] Row 391 (Shamim Shaikh): no_active_leads_found for rm_id=2690
2026-03-13 00:45:31,135 - INFO -   [SKIP] Row 392 (Shamim Shaikh): no_active_leads_found for rm_id=2690
2026-03-13 00:45:31,156 - INFO -   [SKIP] Row 393 (Shamim Shaikh): no_active_leads_found for rm_id=2690
2026-03-13 00:45:31,176 - INFO -   [SKIP] Row 394 (Shamim Shaikh): no_active_leads_found for rm_id=2690
2026-03-13 00:45:31,196 - INFO -   [SKIP] Row 395 (Shamim Shaikh): no_active_leads_found for rm_id=2690
2026-03-13 00:45:31,216 - INFO -   [SKIP] Row 396 (Shamim Shaikh): no_active_leads_found for rm_id=2690
2026-03-13 00:45:31,236 - INFO -   [SKIP] Row 397 (Shamim Shaikh): no_active_leads_found for rm_id=2690
2026-03-13 00:45:31,258 - INFO -   [SKIP] Row 398 (Shamim Shaikh): no_active_leads_found for rm_id=2690
2026-03-13 00:45:31,278 - INFO -   [SKIP] Row 399 (Shamim Shaikh): no_active_leads_found for rm_id=2690
2026-03-13 00:45:31,298 - INFO -   [SKIP] Row 400 (Shamim Shaikh): no_active_leads_found for rm_id=2690
2026-03-13 00:45:31,318 - INFO -   [SKIP] Row 401 (Shamim Shaikh): no_active_leads_found for rm_id=2690
2026-03-13 00:45:31,339 - INFO -   [SKIP] Row 402 (Shamim Shaikh): no_active_leads_found for rm_id=2690
2026-03-13 00:45:31,358 - INFO -   [SKIP] Row 403 (Shamim Shaikh): no_active_leads_found for rm_id=2690
2026-03-13 00:45:31,411 - INFO -   [SKIP] Row 404 (Shamim Shaikh): no_active_leads_found for rm_id=2690
2026-03-13 00:45:31,438 - INFO -   [OK] Row 405 (Sharukh Ansari) -> amir@infinityservicesindia.com | Leads found: 1
2026-03-13 00:45:31,469 - INFO -   [SKIP] Row 406 (Shaziya Bano Zakir Husain Siddique): no_active_leads_found for rm_id=814
2026-03-13 00:45:31,498 - INFO -   [SKIP] Row 407 (Shaziya Bano Zakir Husain Siddique): no_active_leads_found for rm_id=814
2026-03-13 00:45:31,527 - INFO -   [SKIP] Row 408 (Shaziya Bano Zakir Husain Siddique): no_active_leads_found for rm_id=814
2026-03-13 00:45:31,570 - INFO -   [SKIP] Row 409 (Shaziya Bano Zakir Husain Siddique): no_active_leads_found for rm_id=814
2026-03-13 00:45:31,619 - INFO -   [SKIP] Row 410 (Shaziya Bano Zakir Husain Siddique): no_active_leads_found for rm_id=814
2026-03-13 00:45:31,664 - INFO -   [SKIP] Row 411 (Shaziya Bano Zakir Husain Siddique): no_active_leads_found for rm_id=814
2026-03-13 00:45:31,693 - INFO -   [SKIP] Row 412 (Shaziya Bano Zakir Husain Siddique): no_active_leads_found for rm_id=814
2026-03-13 00:45:31,737 - INFO -   [SKIP] Row 413 (Shaziya Bano Zakir Husain Siddique): no_active_leads_found for rm_id=814
2026-03-13 00:45:31,778 - INFO -   [SKIP] Row 414 (Sheetal Gosavi): no_active_leads_found for rm_id=914
2026-03-13 00:45:31,817 - INFO -   [SKIP] Row 415 (Sheetal Gosavi): no_active_leads_found for rm_id=914
2026-03-13 00:45:31,855 - INFO -   [SKIP] Row 416 (Sheetal Gosavi): no_active_leads_found for rm_id=914
2026-03-13 00:45:31,880 - INFO -   [SKIP] Row 417 (Sheetal Gosavi): no_active_leads_found for rm_id=914
2026-03-13 00:45:31,924 - INFO -   [SKIP] Row 418 (Sheetal Gosavi): no_active_leads_found for rm_id=914
2026-03-13 00:45:31,998 - INFO -   [SKIP] Row 419 (Sheetal Gosavi): no_active_leads_found for rm_id=914
2026-03-13 00:45:32,031 - INFO -   [SKIP] Row 420 (Sheetal Gosavi): no_active_leads_found for rm_id=914
2026-03-13 00:45:32,057 - INFO -   [SKIP] Row 421 (Sheetal Gosavi): no_active_leads_found for rm_id=914
2026-03-13 00:45:32,087 - INFO -   [SKIP] Row 422 (Sheetal Gosavi): no_active_leads_found for rm_id=914
2026-03-13 00:45:32,131 - INFO -   [SKIP] Row 423 (Sheetal Gosavi): no_active_leads_found for rm_id=914
2026-03-13 00:45:32,167 - INFO -   [SKIP] Row 424 (Sheetal Gosavi): no_active_leads_found for rm_id=914
2026-03-13 00:45:32,199 - INFO -   [SKIP] Row 425 (Sheetal Gosavi): no_active_leads_found for rm_id=914
2026-03-13 00:45:32,231 - INFO -   [SKIP] Row 426 (Sheetal Gosavi): no_active_leads_found for rm_id=914
2026-03-13 00:45:32,251 - INFO -   [SKIP] Row 427 (Sheetal Gosavi): no_active_leads_found for rm_id=914
2026-03-13 00:45:32,274 - INFO -   [SKIP] Row 428 (Sheetal Gosavi): no_active_leads_found for rm_id=914
2026-03-13 00:45:32,293 - INFO -   [SKIP] Row 429 (Shubhodeep Sen): no_active_leads_found for rm_id=2080
2026-03-13 00:45:32,312 - INFO -   [SKIP] Row 430 (Shubhodeep Sen): no_active_leads_found for rm_id=2080
2026-03-13 00:45:32,330 - INFO -   [SKIP] Row 431 (Shubhodeep Sen): no_active_leads_found for rm_id=2080
2026-03-13 00:45:32,354 - INFO -   [SKIP] Row 432 (Shubhodeep Sen): no_active_leads_found for rm_id=2080
2026-03-13 00:45:32,376 - INFO -   [SKIP] Row 433 (Shubhodeep Sen): no_active_leads_found for rm_id=2080
2026-03-13 00:45:32,398 - INFO -   [SKIP] Row 434 (Shubhodeep Sen): no_active_leads_found for rm_id=2080
2026-03-13 00:45:32,423 - INFO -   [SKIP] Row 435 (Shubhodeep Sen): no_active_leads_found for rm_id=2080
2026-03-13 00:45:32,445 - INFO -   [SKIP] Row 436 (Snehal Mastoli): no_active_leads_found for rm_id=2649
2026-03-13 00:45:32,466 - INFO -   [SKIP] Row 437 (Snehal Mastoli): no_active_leads_found for rm_id=2649
2026-03-13 00:45:32,489 - INFO -   [SKIP] Row 438 (Snehal Mastoli): no_active_leads_found for rm_id=2649
2026-03-13 00:45:32,512 - INFO -   [SKIP] Row 439 (Snehal Mastoli): no_active_leads_found for rm_id=2649
2026-03-13 00:45:32,534 - INFO -   [SKIP] Row 440 (Snehal Mastoli): no_active_leads_found for rm_id=2649
2026-03-13 00:45:32,554 - INFO -   [SKIP] Row 441 (Snehal Mastoli): no_active_leads_found for rm_id=2649
2026-03-13 00:45:32,581 - INFO -   [SKIP] Row 442 (Snehal Mastoli): no_active_leads_found for rm_id=2649
2026-03-13 00:45:32,603 - INFO -   [SKIP] Row 443 (Snehal Mastoli): no_active_leads_found for rm_id=2649
2026-03-13 00:45:32,625 - INFO -   [SKIP] Row 444 (Snehal Mastoli): no_active_leads_found for rm_id=2649
2026-03-13 00:45:32,650 - INFO -   [SKIP] Row 445 (Snehal Mastoli): no_active_leads_found for rm_id=2649
2026-03-13 00:45:32,681 - INFO -   [SKIP] Row 446 (Snehal Mastoli): no_active_leads_found for rm_id=2649
2026-03-13 00:45:32,702 - INFO -   [SKIP] Row 447 (Snehal Mastoli): no_active_leads_found for rm_id=2649
2026-03-13 00:45:32,721 - INFO -   [SKIP] Row 448 (Snehal Mastoli): no_active_leads_found for rm_id=2649
2026-03-13 00:45:32,743 - INFO -   [SKIP] Row 449 (Snehal Mastoli): no_active_leads_found for rm_id=2649
2026-03-13 00:45:32,763 - INFO -   [SKIP] Row 450 (Snehal Mastoli): no_active_leads_found for rm_id=2649
2026-03-13 00:45:32,783 - INFO -   [SKIP] Row 451 (Snehal Mastoli): no_active_leads_found for rm_id=2649
2026-03-13 00:45:32,803 - INFO -   [SKIP] Row 452 (Snehal Mastoli): no_active_leads_found for rm_id=2649
2026-03-13 00:45:32,825 - INFO -   [SKIP] Row 453 (Snehal Mastoli): no_active_leads_found for rm_id=2649
2026-03-13 00:45:32,845 - INFO -   [SKIP] Row 454 (Snehal Mastoli): no_active_leads_found for rm_id=2649
2026-03-13 00:45:32,864 - INFO -   [SKIP] Row 455 (Snehal Mastoli): no_active_leads_found for rm_id=2649
2026-03-13 00:45:32,885 - INFO -   [SKIP] Row 456 (Snehal Mastoli): no_active_leads_found for rm_id=2649
2026-03-13 00:45:32,904 - INFO -   [SKIP] Row 457 (Suraj Pal): no_active_leads_found for rm_id=2118
2026-03-13 00:45:32,924 - INFO -   [SKIP] Row 458 (Suraj Pal): no_active_leads_found for rm_id=2118
2026-03-13 00:45:32,943 - INFO -   [SKIP] Row 459 (Suraj Pal): no_active_leads_found for rm_id=2118
2026-03-13 00:45:32,968 - INFO -   [SKIP] Row 460 (Suraj Pal): no_active_leads_found for rm_id=2118
2026-03-13 00:45:32,986 - INFO -   [SKIP] Row 461 (Suraj Pal): no_active_leads_found for rm_id=2118
2026-03-13 00:45:33,006 - INFO -   [SKIP] Row 462 (Suraj Pal): no_active_leads_found for rm_id=2118
2026-03-13 00:45:33,025 - INFO -   [SKIP] Row 463 (Talib Shaikh): no_active_leads_found for rm_id=2665
2026-03-13 00:45:33,044 - INFO -   [SKIP] Row 464 (Talib Shaikh): no_active_leads_found for rm_id=2665
2026-03-13 00:45:33,067 - INFO -   [SKIP] Row 465 (Talib Shaikh): no_active_leads_found for rm_id=2665
2026-03-13 00:45:33,088 - INFO -   [SKIP] Row 466 (Talib Shaikh): no_active_leads_found for rm_id=2665
2026-03-13 00:45:33,113 - INFO -   [SKIP] Row 467 (Talib Shaikh): no_active_leads_found for rm_id=2665
2026-03-13 00:45:33,134 - INFO -   [SKIP] Row 468 (Talib Shaikh): no_active_leads_found for rm_id=2665
2026-03-13 00:45:33,153 - INFO -   [SKIP] Row 469 (Talib Shaikh): no_active_leads_found for rm_id=2665
2026-03-13 00:45:33,174 - INFO -   [SKIP] Row 470 (Talib Shaikh): no_active_leads_found for rm_id=2665
2026-03-13 00:45:33,194 - INFO -   [SKIP] Row 471 (Talib Shaikh): no_active_leads_found for rm_id=2665
2026-03-13 00:45:33,213 - INFO -   [SKIP] Row 472 (Talib Shaikh): no_active_leads_found for rm_id=2665
2026-03-13 00:45:33,234 - INFO -   [SKIP] Row 473 (Talib Shaikh): no_active_leads_found for rm_id=2665
2026-03-13 00:45:33,256 - INFO -   [SKIP] Row 474 (Talib Shaikh): no_active_leads_found for rm_id=2665
2026-03-13 00:45:33,277 - INFO -   [SKIP] Row 475 (Talib Shaikh): no_active_leads_found for rm_id=2665
2026-03-13 00:45:33,298 - INFO -   [SKIP] Row 476 (Talib Shaikh): no_active_leads_found for rm_id=2665
2026-03-13 00:45:33,319 - INFO -   [SKIP] Row 477 (Talib Shaikh): no_active_leads_found for rm_id=2665
2026-03-13 00:45:33,339 - INFO -   [SKIP] Row 478 (Talib Shaikh): no_active_leads_found for rm_id=2665
2026-03-13 00:45:33,359 - INFO -   [SKIP] Row 479 (Talib Shaikh): no_active_leads_found for rm_id=2665
2026-03-13 00:45:33,380 - INFO -   [SKIP] Row 480 (Talib Shaikh): no_active_leads_found for rm_id=2665
2026-03-13 00:45:33,398 - INFO -   [SKIP] Row 481 (Tincy Marysathanam): no_active_leads_found for rm_id=2670
2026-03-13 00:45:33,418 - INFO -   [SKIP] Row 482 (Tincy Marysathanam): no_active_leads_found for rm_id=2670
2026-03-13 00:45:33,437 - INFO -   [SKIP] Row 483 (Tincy Marysathanam): no_active_leads_found for rm_id=2670
2026-03-13 00:45:33,458 - INFO -   [SKIP] Row 484 (Tincy Marysathanam): no_active_leads_found for rm_id=2670
2026-03-13 00:45:33,478 - INFO -   [SKIP] Row 485 (Usman Madha): no_active_leads_found for rm_id=1489
2026-03-13 00:45:33,478 - INFO - 
Valid CSV rows : 4
2026-03-13 00:45:33,479 - INFO - Skipped rows   : 480
2026-03-13 00:45:33,479 - INFO - Total leads    : 4
2026-03-13 00:45:33,479 - INFO - Audit file     : E:\\EcSops\\logs\audit_20260313_004521.csv
2026-03-13 00:45:41,133 - INFO - 
Processing...
2026-03-13 00:45:41,133 - INFO - 
[Zahid Shaikh] -> new_rm_id=2484 | 1 leads
2026-03-13 00:45:41,227 - INFO -    [1] Lead 687497 transferred
2026-03-13 00:45:41,227 - INFO - 
[Zahid Shaikh] -> new_rm_id=2484 | 1 leads
2026-03-13 00:45:41,288 - INFO -    [2] Lead 687497 transferred
2026-03-13 00:45:41,289 - INFO - 
[Zahid Shaikh] -> new_rm_id=2484 | 1 leads
2026-03-13 00:45:41,349 - INFO -    [3] Lead 687497 transferred
2026-03-13 00:45:41,350 - INFO - 
[Sharukh Ansari] -> new_rm_id=2484 | 1 leads
2026-03-13 00:45:41,438 - INFO -    [4] Lead 1615241 transferred
2026-03-13 00:45:41,439 - INFO - 
=======================================================
2026-03-13 00:45:41,439 - INFO - Transferred : 4
2026-03-13 00:45:41,439 - INFO - Skipped rows: 480
2026-03-13 00:45:41,439 - INFO - Audit file  : E:\\EcSops\\logs\audit_20260313_004521.csv
2026-03-13 00:45:41,440 - INFO - End --> 2026-03-13 00:45:41.440079
